<?xml version="1.0" encoding="UTF-8"?>
<testsuite name="CalculadoraKtTest" tests="4" skipped="0" failures="0" errors="0" timestamp="2022-03-09T18:14:08" hostname="DESKTOP-5I2GV43" time="0.086">
  <properties/>
  <testcase name="subTest()" classname="CalculadoraKtTest" time="0.071"/>
  <testcase name="soma()" classname="CalculadoraKtTest" time="0.006"/>
  <testcase name="multTest()" classname="CalculadoraKtTest" time="0.003"/>
  <testcase name="divTest()" classname="CalculadoraKtTest" time="0.003"/>
  <system-out><![CDATA[]]></system-out>
  <system-err><![CDATA[]]></system-err>
</testsuite>
